<?xml version="1.0" encoding="UTF-8"?>
<!-- Generated by org.testng.reporters.JUnitReportReporter -->
<testsuite skipped="0" hostname="all-PC" name="CaptureScreenshot.FaceBook_Screenshot" tests="1" failures="0" timestamp="27 Nov 2018 07:03:43 GMT" time="17.639" errors="0">
  <testcase name="CaptureScreenshot" time="17.639" classname="CaptureScreenshot.FaceBook_Screenshot"/>
</testsuite> <!-- CaptureScreenshot.FaceBook_Screenshot -->
